<?xml version="1.0" encoding="UTF-8"?>
<!-- Generated by org.testng.reporters.JUnitReportReporter -->
<testsuite hostname="LAPTOP-VL28O11O" failures="0" tests="2" name="com.settingsassignagent.endtoendtest.EndToEndTest" time="70.684" errors="0" timestamp="2021-09-20T17:10:00 IST" skipped="0">
  <testcase classname="com.settingsassignagent.endtoendtest.EndToEndTest" name="login" time="0.518"/>
  <system-out/>
  <testcase classname="com.settingsassignagent.endtoendtest.EndToEndTest" name="AssignAgent" time="70.166"/>
  <system-out/>
</testsuite> <!-- com.settingsassignagent.endtoendtest.EndToEndTest -->
