<?xml version="1.0" encoding="UTF-8"?>
<!-- Generated by org.testng.reporters.JUnitReportReporter -->
<testsuite hostname="DESKTOP-GCV6TKI" failures="0" tests="2" name="com.Settingsforms.End.EndToEnd" time="80.066" errors="0" timestamp="2021-09-23T17:37:03 IST" skipped="0">
  <testcase classname="com.Settingsforms.End.EndToEnd" name="log" time="0.271"/>
  <system-out/>
  <testcase classname="com.Settingsforms.End.EndToEnd" name="All" time="79.795"/>
  <system-out/>
</testsuite> <!-- com.Settingsforms.End.EndToEnd -->
