<?xml version="1.0" encoding="UTF-8"?>
<!-- Generated by org.testng.reporters.JUnitReportReporter -->
<testsuite hostname="DESKTOP-GCV6TKI" failures="0" tests="2" name="com.settingsnwupdates.End.EndToEndTest" time="83.195" errors="0" timestamp="2021-09-20T14:55:23 IST" skipped="0">
  <testcase classname="com.settingsnwupdates.End.EndToEndTest" name="login" time="0.326"/>
  <system-out/>
  <testcase classname="com.settingsnwupdates.End.EndToEndTest" name="FeeWaiverui" time="82.869"/>
  <system-out/>
</testsuite> <!-- com.settingsnwupdates.End.EndToEndTest -->
