<?xml version="1.0" encoding="UTF-8"?>
<!-- Generated by org.testng.reporters.JUnitReportReporter -->
<testsuite hostname="LAPTOP-VL28O11O" failures="0" tests="3" name="com.settingsknowledgebase.base.endtoendtest.EndToEndTest" time="122.905" errors="0" timestamp="2021-09-20T17:01:36 IST" skipped="0">
  <testcase classname="com.settingsknowledgebase.base.endtoendtest.EndToEndTest" name="login" time="0.445"/>
  <system-out/>
  <testcase classname="com.settingsknowledgebase.base.endtoendtest.EndToEndTest" name="ManageCategoryLoc" time="57.457"/>
  <system-out/>
  <testcase classname="com.settingsknowledgebase.base.endtoendtest.EndToEndTest" name="KnowLedgeBase" time="65.003"/>
  <system-out/>
</testsuite> <!-- com.settingsknowledgebase.base.endtoendtest.EndToEndTest -->
