<?xml version="1.0" encoding="UTF-8"?>
<!-- Generated by org.testng.reporters.JUnitReportReporter -->
<testsuite hostname="LAPTOP-VL28O11O" failures="0" tests="2" name="com.settingsagentdocument.endtoendtest.EndToEndTest" time="89.381" errors="0" timestamp="2021-09-21T15:17:07 IST" skipped="0">
  <testcase classname="com.settingsagentdocument.endtoendtest.EndToEndTest" name="login" time="0.731"/>
  <system-out/>
  <testcase classname="com.settingsagentdocument.endtoendtest.EndToEndTest" name="AddAgentDocumentField" time="88.650"/>
  <system-out/>
</testsuite> <!-- com.settingsagentdocument.endtoendtest.EndToEndTest -->
