<?xml version="1.0" encoding="UTF-8"?>
<!-- Generated by org.testng.reporters.JUnitReportReporter -->
<testsuite hostname="DESKTOP-GCV6TKI" failures="0" tests="2" name="com.Settingsnotification.End.EndToEndTest" time="109.886" errors="0" timestamp="2021-09-21T13:05:50 IST" skipped="0">
  <testcase classname="com.Settingsnotification.End.EndToEndTest" name="login" time="0.309"/>
  <system-out/>
  <testcase classname="com.Settingsnotification.End.EndToEndTest" name="Notificationsui" time="109.577"/>
  <system-out/>
</testsuite> <!-- com.Settingsnotification.End.EndToEndTest -->
