<?xml version="1.0" encoding="UTF-8"?>
<!-- Generated by org.testng.reporters.JUnitReportReporter -->
<testsuite hostname="LAPTOP-VL28O11O" failures="0" tests="2" name="com.settingsroles.endtoendtest.EndToEndTest" time="77.180" errors="0" timestamp="2021-09-21T12:47:56 IST" skipped="0">
  <testcase classname="com.settingsroles.endtoendtest.EndToEndTest" name="login" time="0.496"/>
  <system-out/>
  <testcase classname="com.settingsroles.endtoendtest.EndToEndTest" name="AddRolesField" time="76.684"/>
  <system-out/>
</testsuite> <!-- com.settingsroles.endtoendtest.EndToEndTest -->
