<?xml version="1.0" encoding="UTF-8"?>
<!-- Generated by org.testng.reporters.JUnitReportReporter -->
<testsuite hostname="DESKTOP-GCV6TKI" failures="0" tests="2" name="com.settingsaetrieveapplication.End.EndToEndTest" time="71.327" errors="0" timestamp="2021-09-21T15:10:48 IST" skipped="0">
  <testcase classname="com.settingsaetrieveapplication.End.EndToEndTest" name="login" time="0.220"/>
  <system-out/>
  <testcase classname="com.settingsaetrieveapplication.End.EndToEndTest" name="NewUpdatsui" time="71.107"/>
  <system-out/>
</testsuite> <!-- com.settingsaetrieveapplication.End.EndToEndTest -->
